<?xml version="1.0" encoding="UTF-8"?>
<testsuite xmlns:xsi="http://www.w3.org/2001/XMLSchema-instance" xsi:noNamespaceSchemaLocation="https://maven.apache.org/surefire/maven-surefire-plugin/xsd/surefire-test-report-3.0.xsd" version="3.0" name="com.test.publicis.groupe.demo.provider.ProcesadorPlanillasTest" time="0.86" tests="8" errors="0" skipped="0" failures="0">
  <properties>
[...]
</properties>
  <testcase name="listaActivosTest" classname="com.test.publicis.groupe.demo.provider.ProcesadorPlanillasTest" time="0.064"/>
  <testcase name="listaInactivosTest" classname="com.test.publicis.groupe.demo.provider.ProcesadorPlanillasTest" time="0.002"/>
  <testcase name="listaVaciaTest" classname="com.test.publicis.groupe.demo.provider.ProcesadorPlanillasTest" time="0.002"/>
  <testcase name="errorConsultarPlanillaTest" classname="com.test.publicis.groupe.demo.provider.ProcesadorPlanillasTest" time="0.006"/>
  <testcase name="nombreVacioTest" classname="com.test.publicis.groupe.demo.provider.ProcesadorPlanillasTest" time="0.002"/>
  <testcase name="idIgualCeroTest" classname="com.test.publicis.groupe.demo.provider.ProcesadorPlanillasTest" time="0.002"/>
  <testcase name="montoMensualNegativoTest" classname="com.test.publicis.groupe.demo.provider.ProcesadorPlanillasTest" time="0.002"/>
  <testcase name="idPlanillaVacioTest" classname="com.test.publicis.groupe.demo.provider.ProcesadorPlanillasTest" time="0.002"/>
</testsuite>